# JRE version: OpenJDK Runtime Environment (17.0.6) (build 17.0.6+0-b2043.56-9586694)
# Java VM: OpenJDK 64-Bit Server VM (17.0.6+0-b2043.56-9586694, mixed mode, tiered, compressed oops, compressed class ptrs, g1 gc, windows-amd64)
GC Precious Log:
 CPUs: 8 total, 8 available
 Memory: 15931M
 Large Page Support: Disabled
 NUMA Support: Disabled
 Compressed Oops: Enabled (Zero based)
 Heap Region Size: 2M
 Heap Min Capacity: 8M
 Heap Initial Capacity: 250M
 Heap Max Capacity: 3984M
 Pre-touch: Disabled
 Parallel Workers: 8
 Concurrent Workers: 2
 Concurrent Refinement Workers: 8
 Periodic GC: Disabled
Heap:
 garbage-first heap   total 419840K, used 270746K [0x0000000707000000, 0x0000000800000000)
  region size 2048K, 38 young (77824K), 3 survivors (6144K)
 Metaspace       used 95870K, committed 96320K, reserved 1138688K
  class space    used 10089K, committed 10304K, reserved 1048576K
GC Heap History (20 events):
Event: 24.851 GC heap before
{Heap before GC invocations=34 (full 0):
 garbage-first heap   total 382976K, used 312496K [0x0000000707000000, 0x0000000800000000)
  region size 2048K, 69 young (141312K), 6 survivors (12288K)
 Metaspace       used 72401K, committed 72832K, reserved 1114112K
  class space    used 8023K, committed 8256K, reserved 1048576K
}
Event: 24.862 GC heap after
{Heap after GC invocations=35 (full 0):
 garbage-first heap   total 382976K, used 188132K [0x0000000707000000, 0x0000000800000000)
  region size 2048K, 3 young (6144K), 3 survivors (6144K)
 Metaspace       used 72401K, committed 72832K, reserved 1114112K
  class space    used 8023K, committed 8256K, reserved 1048576K
}
Event: 26.393 GC heap before
{Heap before GC invocations=36 (full 0):
 garbage-first heap   total 382976K, used 315108K [0x0000000707000000, 0x0000000800000000)
  region size 2048K, 66 young (135168K), 3 survivors (6144K)
 Metaspace       used 78377K, committed 78784K, reserved 1122304K
  class space    used 8613K, committed 8832K, reserved 1048576K
}
Event: 26.401 GC heap after
{Heap after GC invocations=37 (full 0):
 garbage-first heap   total 382976K, used 190609K [0x0000000707000000, 0x0000000800000000)
  region size 2048K, 5 young (10240K), 5 survivors (10240K)
 Metaspace       used 78377K, committed 78784K, reserved 1122304K
  class space    used 8613K, committed 8832K, reserved 1048576K
}
Event: 26.489 GC heap before
{Heap before GC invocations=37 (full 0):
 garbage-first heap   total 382976K, used 198801K [0x0000000707000000, 0x0000000800000000)
  region size 2048K, 9 young (18432K), 5 survivors (10240K)
 Metaspace       used 78536K, committed 78976K, reserved 1122304K
  class space    used 8622K, committed 8832K, reserved 1048576K
}
Event: 26.500 GC heap after
{Heap after GC invocations=38 (full 0):
 garbage-first heap   total 382976K, used 189972K [0x0000000707000000, 0x0000000800000000)
  region size 2048K, 1 young (2048K), 1 survivors (2048K)
 Metaspace       used 78536K, committed 78976K, reserved 1122304K
  class space    used 8622K, committed 8832K, reserved 1048576K
}
Event: 27.961 GC heap before
{Heap before GC invocations=38 (full 0):
 garbage-first heap   total 382976K, used 318996K [0x0000000707000000, 0x0000000800000000)
  region size 2048K, 64 young (131072K), 1 survivors (2048K)
 Metaspace       used 79477K, committed 79936K, reserved 1122304K
  class space    used 8665K, committed 8896K, reserved 1048576K
}
Event: 27.981 GC heap after
{Heap after GC invocations=39 (full 0):
 garbage-first heap   total 382976K, used 211047K [0x0000000707000000, 0x0000000800000000)
  region size 2048K, 8 young (16384K), 8 survivors (16384K)
 Metaspace       used 79477K, committed 79936K, reserved 1122304K
  class space    used 8665K, committed 8896K, reserved 1048576K
}
Event: 29.598 GC heap before
{Heap before GC invocations=40 (full 0):
 garbage-first heap   total 389120K, used 313447K [0x0000000707000000, 0x0000000800000000)
  region size 2048K, 58 young (118784K), 8 survivors (16384K)
 Metaspace       used 88807K, committed 89280K, reserved 1130496K
  class space    used 9605K, committed 9856K, reserved 1048576K
}
Event: 29.616 GC heap after
{Heap after GC invocations=41 (full 0):
 garbage-first heap   total 389120K, used 224032K [0x0000000707000000, 0x0000000800000000)
  region size 2048K, 7 young (14336K), 7 survivors (14336K)
 Metaspace       used 88807K, committed 89280K, reserved 1130496K
  class space    used 9605K, committed 9856K, reserved 1048576K
}
Event: 29.680 GC heap before
{Heap before GC invocations=41 (full 0):
 garbage-first heap   total 389120K, used 228128K [0x0000000707000000, 0x0000000800000000)
  region size 2048K, 9 young (18432K), 7 survivors (14336K)
 Metaspace       used 89045K, committed 89472K, reserved 1130496K
  class space    used 9636K, committed 9856K, reserved 1048576K
}
Event: 29.693 GC heap after
{Heap after GC invocations=42 (full 0):
 garbage-first heap   total 389120K, used 225914K [0x0000000707000000, 0x0000000800000000)
  region size 2048K, 2 young (4096K), 2 survivors (4096K)
 Metaspace       used 89045K, committed 89472K, reserved 1130496K
  class space    used 9636K, committed 9856K, reserved 1048576K
}
Event: 30.636 GC heap before
{Heap before GC invocations=42 (full 0):
 garbage-first heap   total 389120K, used 318074K [0x0000000707000000, 0x0000000800000000)
  region size 2048K, 47 young (96256K), 2 survivors (4096K)
 Metaspace       used 90794K, committed 91264K, reserved 1130496K
  class space    used 9714K, committed 9984K, reserved 1048576K
}
Event: 30.642 GC heap after
{Heap after GC invocations=43 (full 0):
 garbage-first heap   total 389120K, used 227273K [0x0000000707000000, 0x0000000800000000)
  region size 2048K, 2 young (4096K), 2 survivors (4096K)
 Metaspace       used 90794K, committed 91264K, reserved 1130496K
  class space    used 9714K, committed 9984K, reserved 1048576K
}
Event: 31.274 GC heap before
{Heap before GC invocations=44 (full 0):
 garbage-first heap   total 419840K, used 311241K [0x0000000707000000, 0x0000000800000000)
  region size 2048K, 48 young (98304K), 2 survivors (4096K)
 Metaspace       used 91096K, committed 91520K, reserved 1130496K
  class space    used 9718K, committed 9984K, reserved 1048576K
}
Event: 31.284 GC heap after
{Heap after GC invocations=45 (full 0):
 garbage-first heap   total 419840K, used 221411K [0x0000000707000000, 0x0000000800000000)
  region size 2048K, 4 young (8192K), 4 survivors (8192K)
 Metaspace       used 91096K, committed 91520K, reserved 1130496K
  class space    used 9718K, committed 9984K, reserved 1048576K
}
Event: 31.327 GC heap before
{Heap before GC invocations=45 (full 0):
 garbage-first heap   total 419840K, used 233699K [0x0000000707000000, 0x0000000800000000)
  region size 2048K, 10 young (20480K), 4 survivors (8192K)
 Metaspace       used 91110K, committed 91584K, reserved 1130496K
  class space    used 9718K, committed 9984K, reserved 1048576K
}
Event: 31.340 GC heap after
{Heap after GC invocations=46 (full 0):
 garbage-first heap   total 419840K, used 198120K [0x0000000707000000, 0x0000000800000000)
  region size 2048K, 1 young (2048K), 1 survivors (2048K)
 Metaspace       used 91110K, committed 91584K, reserved 1130496K
  class space    used 9718K, committed 9984K, reserved 1048576K
}
Event: 32.193 GC heap before
{Heap before GC invocations=46 (full 0):
 garbage-first heap   total 419840K, used 339432K [0x0000000707000000, 0x0000000800000000)
  region size 2048K, 70 young (143360K), 1 survivors (2048K)
 Metaspace       used 91969K, committed 92416K, reserved 1138688K
  class space    used 9768K, committed 9984K, reserved 1048576K
}
Event: 32.200 GC heap after
{Heap after GC invocations=47 (full 0):
 garbage-first heap   total 419840K, used 201114K [0x0000000707000000, 0x0000000800000000)
  region size 2048K, 3 young (6144K), 3 survivors (6144K)
 Metaspace       used 91969K, committed 92416K, reserved 1138688K
  class space    used 9768K, committed 9984K, reserved 1048576K
}

