# JRE version: OpenJDK Runtime Environment (17.0.6) (build 17.0.6+0-b2043.56-9586694)
# Java VM: OpenJDK 64-Bit Server VM (17.0.6+0-b2043.56-9586694, mixed mode, tiered, compressed oops, compressed class ptrs, g1 gc, windows-amd64)
GC Precious Log:
 CPUs: 8 total, 8 available
 Memory: 15931M
 Large Page Support: Disabled
 NUMA Support: Disabled
 Compressed Oops: Enabled (32-bit)
 Heap Region Size: 1M
 Heap Min Capacity: 8M
 Heap Initial Capacity: 250M
 Heap Max Capacity: 2G
 Pre-touch: Disabled
 Parallel Workers: 8
 Concurrent Workers: 2
 Concurrent Refinement Workers: 8
 Periodic GC: Disabled
Heap:
 garbage-first heap   total 338944K, used 240435K [0x0000000080000000, 0x0000000100000000)
  region size 1024K, 15 young (15360K), 8 survivors (8192K)
 Metaspace       used 110811K, committed 111552K, reserved 1146880K
  class space    used 14944K, committed 15296K, reserved 1048576K
GC Heap History (20 events):
Event: 16.252 GC heap after
{Heap after GC invocations=36 (full 0):
 garbage-first heap   total 205824K, used 108146K [0x0000000080000000, 0x0000000100000000)
  region size 1024K, 8 young (8192K), 8 survivors (8192K)
 Metaspace       used 98219K, committed 98880K, reserved 1138688K
  class space    used 13177K, committed 13504K, reserved 1048576K
}
Event: 16.562 GC heap before
{Heap before GC invocations=36 (full 0):
 garbage-first heap   total 205824K, used 167538K [0x0000000080000000, 0x0000000100000000)
  region size 1024K, 67 young (68608K), 8 survivors (8192K)
 Metaspace       used 98329K, committed 99008K, reserved 1138688K
  class space    used 13189K, committed 13504K, reserved 1048576K
}
Event: 16.569 GC heap after
{Heap after GC invocations=37 (full 0):
 garbage-first heap   total 205824K, used 112498K [0x0000000080000000, 0x0000000100000000)
  region size 1024K, 8 young (8192K), 8 survivors (8192K)
 Metaspace       used 98329K, committed 99008K, reserved 1138688K
  class space    used 13189K, committed 13504K, reserved 1048576K
}
Event: 16.958 GC heap before
{Heap before GC invocations=37 (full 0):
 garbage-first heap   total 205824K, used 168818K [0x0000000080000000, 0x0000000100000000)
  region size 1024K, 64 young (65536K), 8 survivors (8192K)
 Metaspace       used 99556K, committed 100224K, reserved 1138688K
  class space    used 13383K, committed 13696K, reserved 1048576K
}
Event: 16.966 GC heap after
{Heap after GC invocations=38 (full 0):
 garbage-first heap   total 247808K, used 115433K [0x0000000080000000, 0x0000000100000000)
  region size 1024K, 8 young (8192K), 8 survivors (8192K)
 Metaspace       used 99556K, committed 100224K, reserved 1138688K
  class space    used 13383K, committed 13696K, reserved 1048576K
}
Event: 18.379 GC heap before
{Heap before GC invocations=38 (full 0):
 garbage-first heap   total 247808K, used 201449K [0x0000000080000000, 0x0000000100000000)
  region size 1024K, 93 young (95232K), 8 survivors (8192K)
 Metaspace       used 105935K, committed 106560K, reserved 1146880K
  class space    used 14226K, committed 14528K, reserved 1048576K
}
Event: 18.390 GC heap after
{Heap after GC invocations=39 (full 0):
 garbage-first heap   total 247808K, used 121012K [0x0000000080000000, 0x0000000100000000)
  region size 1024K, 9 young (9216K), 9 survivors (9216K)
 Metaspace       used 105935K, committed 106560K, reserved 1146880K
  class space    used 14226K, committed 14528K, reserved 1048576K
}
Event: 18.807 GC heap before
{Heap before GC invocations=39 (full 0):
 garbage-first heap   total 247808K, used 201908K [0x0000000080000000, 0x0000000100000000)
  region size 1024K, 89 young (91136K), 9 survivors (9216K)
 Metaspace       used 106075K, committed 106816K, reserved 1146880K
  class space    used 14247K, committed 14592K, reserved 1048576K
}
Event: 18.817 GC heap after
{Heap after GC invocations=40 (full 0):
 garbage-first heap   total 247808K, used 125413K [0x0000000080000000, 0x0000000100000000)
  region size 1024K, 10 young (10240K), 10 survivors (10240K)
 Metaspace       used 106075K, committed 106816K, reserved 1146880K
  class space    used 14247K, committed 14592K, reserved 1048576K
}
Event: 19.356 GC heap before
{Heap before GC invocations=40 (full 0):
 garbage-first heap   total 247808K, used 204261K [0x0000000080000000, 0x0000000100000000)
  region size 1024K, 88 young (90112K), 10 survivors (10240K)
 Metaspace       used 106412K, committed 107136K, reserved 1146880K
  class space    used 14280K, committed 14592K, reserved 1048576K
}
Event: 19.366 GC heap after
{Heap after GC invocations=41 (full 0):
 garbage-first heap   total 247808K, used 129047K [0x0000000080000000, 0x0000000100000000)
  region size 1024K, 8 young (8192K), 8 survivors (8192K)
 Metaspace       used 106412K, committed 107136K, reserved 1146880K
  class space    used 14280K, committed 14592K, reserved 1048576K
}
Event: 19.545 GC heap before
{Heap before GC invocations=41 (full 0):
 garbage-first heap   total 247808K, used 166935K [0x0000000080000000, 0x0000000100000000)
  region size 1024K, 33 young (33792K), 8 survivors (8192K)
 Metaspace       used 106637K, committed 107392K, reserved 1146880K
  class space    used 14312K, committed 14656K, reserved 1048576K
}
Event: 19.554 GC heap after
{Heap after GC invocations=42 (full 0):
 garbage-first heap   total 247808K, used 154011K [0x0000000080000000, 0x0000000100000000)
  region size 1024K, 11 young (11264K), 11 survivors (11264K)
 Metaspace       used 106637K, committed 107392K, reserved 1146880K
  class space    used 14312K, committed 14656K, reserved 1048576K
}
Event: 20.193 GC heap before
{Heap before GC invocations=43 (full 0):
 garbage-first heap   total 278528K, used 253339K [0x0000000080000000, 0x0000000100000000)
  region size 1024K, 56 young (57344K), 11 survivors (11264K)
 Metaspace       used 109767K, committed 110464K, reserved 1146880K
  class space    used 14787K, committed 15104K, reserved 1048576K
}
Event: 20.201 GC heap after
{Heap after GC invocations=44 (full 0):
 garbage-first heap   total 279552K, used 190237K [0x0000000080000000, 0x0000000100000000)
  region size 1024K, 7 young (7168K), 7 survivors (7168K)
 Metaspace       used 109767K, committed 110464K, reserved 1146880K
  class space    used 14787K, committed 15104K, reserved 1048576K
}
Event: 20.270 GC heap before
{Heap before GC invocations=44 (full 0):
 garbage-first heap   total 279552K, used 195357K [0x0000000080000000, 0x0000000100000000)
  region size 1024K, 13 young (13312K), 7 survivors (7168K)
 Metaspace       used 109797K, committed 110528K, reserved 1146880K
  class space    used 14787K, committed 15104K, reserved 1048576K
}
Event: 20.276 GC heap after
{Heap after GC invocations=45 (full 0):
 garbage-first heap   total 279552K, used 192730K [0x0000000080000000, 0x0000000100000000)
  region size 1024K, 2 young (2048K), 2 survivors (2048K)
 Metaspace       used 109797K, committed 110528K, reserved 1146880K
  class space    used 14787K, committed 15104K, reserved 1048576K
}
Event: 20.619 GC heap before
{Heap before GC invocations=45 (full 0):
 garbage-first heap   total 279552K, used 227546K [0x0000000080000000, 0x0000000100000000)
  region size 1024K, 35 young (35840K), 2 survivors (2048K)
 Metaspace       used 109798K, committed 110528K, reserved 1146880K
  class space    used 14787K, committed 15104K, reserved 1048576K
}
Event: 20.635 GC heap after
{Heap after GC invocations=46 (full 0):
 garbage-first heap   total 338944K, used 208336K [0x0000000080000000, 0x0000000100000000)
  region size 1024K, 5 young (5120K), 5 survivors (5120K)
 Metaspace       used 109798K, committed 110528K, reserved 1146880K
  class space    used 14787K, committed 15104K, reserved 1048576K
}
Event: 21.183 GC heap before
{Heap before GC invocations=46 (full 0):
 garbage-first heap   total 338944K, used 267728K [0x0000000080000000, 0x0000000100000000)
  region size 1024K, 60 young (61440K), 5 survivors (5120K)
 Metaspace       used 110761K, committed 111552K, reserved 1146880K
  class space    used 14940K, committed 15296K, reserved 1048576K
}

