# JRE version: OpenJDK Runtime Environment (17.0.6) (build 17.0.6+0-b2043.56-9586694)
# Java VM: OpenJDK 64-Bit Server VM (17.0.6+0-b2043.56-9586694, mixed mode, tiered, compressed oops, compressed class ptrs, g1 gc, windows-amd64)
GC Precious Log:
 CPUs: 8 total, 8 available
 Memory: 15931M
 Large Page Support: Disabled
 NUMA Support: Disabled
 Compressed Oops: Enabled (32-bit)
 Heap Region Size: 1M
 Heap Min Capacity: 8M
 Heap Initial Capacity: 250M
 Heap Max Capacity: 2G
 Pre-touch: Disabled
 Parallel Workers: 8
 Concurrent Workers: 2
 Concurrent Refinement Workers: 8
 Periodic GC: Disabled
Heap:
 garbage-first heap   total 288768K, used 135465K [0x0000000080000000, 0x0000000100000000)
  region size 1024K, 2 young (2048K), 2 survivors (2048K)
 Metaspace       used 107088K, committed 107840K, reserved 1146880K
  class space    used 14373K, committed 14720K, reserved 1048576K
GC Heap History (20 events):
Event: 15.159 GC heap after
{Heap after GC invocations=36 (full 0):
 garbage-first heap   total 263168K, used 92467K [0x0000000080000000, 0x0000000100000000)
  region size 1024K, 15 young (15360K), 15 survivors (15360K)
 Metaspace       used 90618K, committed 91328K, reserved 1130496K
  class space    used 12213K, committed 12544K, reserved 1048576K
}
Event: 15.176 GC heap before
{Heap before GC invocations=36 (full 0):
 garbage-first heap   total 263168K, used 93491K [0x0000000080000000, 0x0000000100000000)
  region size 1024K, 16 young (16384K), 15 survivors (15360K)
 Metaspace       used 90737K, committed 91456K, reserved 1130496K
  class space    used 12234K, committed 12544K, reserved 1048576K
}
Event: 15.189 GC heap after
{Heap after GC invocations=37 (full 0):
 garbage-first heap   total 263168K, used 94106K [0x0000000080000000, 0x0000000100000000)
  region size 1024K, 2 young (2048K), 2 survivors (2048K)
 Metaspace       used 90737K, committed 91456K, reserved 1130496K
  class space    used 12234K, committed 12544K, reserved 1048576K
}
Event: 16.954 GC heap before
{Heap before GC invocations=37 (full 0):
 garbage-first heap   total 263168K, used 186266K [0x0000000080000000, 0x0000000100000000)
  region size 1024K, 93 young (95232K), 2 survivors (2048K)
 Metaspace       used 97763K, committed 98432K, reserved 1138688K
  class space    used 13143K, committed 13440K, reserved 1048576K
}
Event: 16.972 GC heap after
{Heap after GC invocations=38 (full 0):
 garbage-first heap   total 263168K, used 100774K [0x0000000080000000, 0x0000000100000000)
  region size 1024K, 9 young (9216K), 9 survivors (9216K)
 Metaspace       used 97763K, committed 98432K, reserved 1138688K
  class space    used 13143K, committed 13440K, reserved 1048576K
}
Event: 17.849 GC heap before
{Heap before GC invocations=39 (full 0):
 garbage-first heap   total 263168K, used 194982K [0x0000000080000000, 0x0000000100000000)
  region size 1024K, 101 young (103424K), 9 survivors (9216K)
 Metaspace       used 98362K, committed 99072K, reserved 1138688K
  class space    used 13194K, committed 13504K, reserved 1048576K
}
Event: 17.859 GC heap after
{Heap after GC invocations=40 (full 0):
 garbage-first heap   total 263168K, used 106592K [0x0000000080000000, 0x0000000100000000)
  region size 1024K, 7 young (7168K), 7 survivors (7168K)
 Metaspace       used 98362K, committed 99072K, reserved 1138688K
  class space    used 13194K, committed 13504K, reserved 1048576K
}
Event: 17.874 GC heap before
{Heap before GC invocations=40 (full 0):
 garbage-first heap   total 263168K, used 110688K [0x0000000080000000, 0x0000000100000000)
  region size 1024K, 12 young (12288K), 7 survivors (7168K)
 Metaspace       used 98363K, committed 99072K, reserved 1138688K
  class space    used 13194K, committed 13504K, reserved 1048576K
}
Event: 17.881 GC heap after
{Heap after GC invocations=41 (full 0):
 garbage-first heap   total 263168K, used 107602K [0x0000000080000000, 0x0000000100000000)
  region size 1024K, 2 young (2048K), 2 survivors (2048K)
 Metaspace       used 98363K, committed 99072K, reserved 1138688K
  class space    used 13194K, committed 13504K, reserved 1048576K
}
Event: 18.436 GC heap before
{Heap before GC invocations=41 (full 0):
 garbage-first heap   total 263168K, used 202834K [0x0000000080000000, 0x0000000100000000)
  region size 1024K, 96 young (98304K), 2 survivors (2048K)
 Metaspace       used 98557K, committed 99264K, reserved 1138688K
  class space    used 13209K, committed 13504K, reserved 1048576K
}
Event: 18.443 GC heap after
{Heap after GC invocations=42 (full 0):
 garbage-first heap   total 263168K, used 112708K [0x0000000080000000, 0x0000000100000000)
  region size 1024K, 7 young (7168K), 7 survivors (7168K)
 Metaspace       used 98557K, committed 99264K, reserved 1138688K
  class space    used 13209K, committed 13504K, reserved 1048576K
}
Event: 19.676 GC heap before
{Heap before GC invocations=43 (full 0):
 garbage-first heap   total 263168K, used 207940K [0x0000000080000000, 0x0000000100000000)
  region size 1024K, 101 young (103424K), 7 survivors (7168K)
 Metaspace       used 104578K, committed 105216K, reserved 1146880K
  class space    used 14001K, committed 14272K, reserved 1048576K
}
Event: 19.686 GC heap after
{Heap after GC invocations=44 (full 0):
 garbage-first heap   total 263168K, used 118926K [0x0000000080000000, 0x0000000100000000)
  region size 1024K, 13 young (13312K), 13 survivors (13312K)
 Metaspace       used 104578K, committed 105216K, reserved 1146880K
  class space    used 14001K, committed 14272K, reserved 1048576K
}
Event: 19.706 GC heap before
{Heap before GC invocations=44 (full 0):
 garbage-first heap   total 263168K, used 119950K [0x0000000080000000, 0x0000000100000000)
  region size 1024K, 14 young (14336K), 13 survivors (13312K)
 Metaspace       used 104667K, committed 105344K, reserved 1146880K
  class space    used 14014K, committed 14336K, reserved 1048576K
}
Event: 19.714 GC heap after
{Heap after GC invocations=45 (full 0):
 garbage-first heap   total 263168K, used 119602K [0x0000000080000000, 0x0000000100000000)
  region size 1024K, 2 young (2048K), 2 survivors (2048K)
 Metaspace       used 104667K, committed 105344K, reserved 1146880K
  class space    used 14014K, committed 14336K, reserved 1048576K
}
Event: 20.696 GC heap before
{Heap before GC invocations=45 (full 0):
 garbage-first heap   total 263168K, used 210738K [0x0000000080000000, 0x0000000100000000)
  region size 1024K, 92 young (94208K), 2 survivors (2048K)
 Metaspace       used 106256K, committed 106944K, reserved 1146880K
  class space    used 14255K, committed 14528K, reserved 1048576K
}
Event: 20.704 GC heap after
{Heap after GC invocations=46 (full 0):
 garbage-first heap   total 263168K, used 122101K [0x0000000080000000, 0x0000000100000000)
  region size 1024K, 5 young (5120K), 5 survivors (5120K)
 Metaspace       used 106256K, committed 106944K, reserved 1146880K
  class space    used 14255K, committed 14528K, reserved 1048576K
}
Event: 21.373 GC heap before
{Heap before GC invocations=47 (full 0):
 garbage-first heap   total 263168K, used 215285K [0x0000000080000000, 0x0000000100000000)
  region size 1024K, 95 young (97280K), 5 survivors (5120K)
 Metaspace       used 107088K, committed 107840K, reserved 1146880K
  class space    used 14373K, committed 14720K, reserved 1048576K
}
Event: 21.385 GC heap after
{Heap after GC invocations=48 (full 0):
 garbage-first heap   total 263168K, used 135335K [0x0000000080000000, 0x0000000100000000)
  region size 1024K, 12 young (12288K), 12 survivors (12288K)
 Metaspace       used 107088K, committed 107840K, reserved 1146880K
  class space    used 14373K, committed 14720K, reserved 1048576K
}
Event: 21.390 GC heap before
{Heap before GC invocations=48 (full 0):
 garbage-first heap   total 263168K, used 135335K [0x0000000080000000, 0x0000000100000000)
  region size 1024K, 13 young (13312K), 12 survivors (12288K)
 Metaspace       used 107088K, committed 107840K, reserved 1146880K
  class space    used 14373K, committed 14720K, reserved 1048576K
}

