# JRE version: OpenJDK Runtime Environment (17.0.6) (build 17.0.6+0-b2043.56-9586694)
# Java VM: OpenJDK 64-Bit Server VM (17.0.6+0-b2043.56-9586694, mixed mode, tiered, compressed oops, compressed class ptrs, g1 gc, windows-amd64)
GC Precious Log:
 CPUs: 8 total, 8 available
 Memory: 15931M
 Large Page Support: Disabled
 NUMA Support: Disabled
 Compressed Oops: Enabled (32-bit)
 Heap Region Size: 1M
 Heap Min Capacity: 8M
 Heap Initial Capacity: 250M
 Heap Max Capacity: 2G
 Pre-touch: Disabled
 Parallel Workers: 8
 Concurrent Workers: 2
 Concurrent Refinement Workers: 8
 Periodic GC: Disabled
Heap:
 garbage-first heap   total 408576K, used 297984K [0x0000000080000000, 0x0000000100000000)
  region size 1024K, 8 young (8192K), 8 survivors (8192K)
 Metaspace       used 115589K, committed 116352K, reserved 1155072K
  class space    used 15850K, committed 16192K, reserved 1048576K
GC Heap History (20 events):
Event: 24.918 GC heap after
{Heap after GC invocations=46 (full 0):
 garbage-first heap   total 176128K, used 107389K [0x0000000080000000, 0x0000000100000000)
  region size 1024K, 1 young (1024K), 1 survivors (1024K)
 Metaspace       used 103848K, committed 104576K, reserved 1146880K
  class space    used 14120K, committed 14464K, reserved 1048576K
}
Event: 25.146 GC heap before
{Heap before GC invocations=46 (full 0):
 garbage-first heap   total 176128K, used 143229K [0x0000000080000000, 0x0000000100000000)
  region size 1024K, 37 young (37888K), 1 survivors (1024K)
 Metaspace       used 104009K, committed 104768K, reserved 1146880K
  class space    used 14120K, committed 14464K, reserved 1048576K
}
Event: 25.151 GC heap after
{Heap after GC invocations=47 (full 0):
 garbage-first heap   total 334848K, used 109043K [0x0000000080000000, 0x0000000100000000)
  region size 1024K, 3 young (3072K), 3 survivors (3072K)
 Metaspace       used 104009K, committed 104768K, reserved 1146880K
  class space    used 14120K, committed 14464K, reserved 1048576K
}
Event: 26.502 GC heap before
{Heap before GC invocations=48 (full 0):
 garbage-first heap   total 334848K, used 266739K [0x0000000080000000, 0x0000000100000000)
  region size 1024K, 156 young (159744K), 3 survivors (3072K)
 Metaspace       used 104833K, committed 105536K, reserved 1146880K
  class space    used 14196K, committed 14528K, reserved 1048576K
}
Event: 26.520 GC heap after
{Heap after GC invocations=49 (full 0):
 garbage-first heap   total 334848K, used 118940K [0x0000000080000000, 0x0000000100000000)
  region size 1024K, 13 young (13312K), 13 survivors (13312K)
 Metaspace       used 104833K, committed 105536K, reserved 1146880K
  class space    used 14196K, committed 14528K, reserved 1048576K
}
Event: 26.531 GC heap before
{Heap before GC invocations=49 (full 0):
 garbage-first heap   total 334848K, used 120988K [0x0000000080000000, 0x0000000100000000)
  region size 1024K, 16 young (16384K), 13 survivors (13312K)
 Metaspace       used 104836K, committed 105536K, reserved 1146880K
  class space    used 14196K, committed 14528K, reserved 1048576K
}
Event: 26.541 GC heap after
{Heap after GC invocations=50 (full 0):
 garbage-first heap   total 334848K, used 119677K [0x0000000080000000, 0x0000000100000000)
  region size 1024K, 2 young (2048K), 2 survivors (2048K)
 Metaspace       used 104836K, committed 105536K, reserved 1146880K
  class space    used 14196K, committed 14528K, reserved 1048576K
}
Event: 28.349 GC heap before
{Heap before GC invocations=50 (full 0):
 garbage-first heap   total 334848K, used 259965K [0x0000000080000000, 0x0000000100000000)
  region size 1024K, 140 young (143360K), 2 survivors (2048K)
 Metaspace       used 108090K, committed 108864K, reserved 1146880K
  class space    used 14632K, committed 14976K, reserved 1048576K
}
Event: 28.368 GC heap after
{Heap after GC invocations=51 (full 0):
 garbage-first heap   total 334848K, used 127167K [0x0000000080000000, 0x0000000100000000)
  region size 1024K, 9 young (9216K), 9 survivors (9216K)
 Metaspace       used 108090K, committed 108864K, reserved 1146880K
  class space    used 14632K, committed 14976K, reserved 1048576K
}
Event: 29.440 GC heap before
{Heap before GC invocations=51 (full 0):
 garbage-first heap   total 334848K, used 265407K [0x0000000080000000, 0x0000000100000000)
  region size 1024K, 145 young (148480K), 9 survivors (9216K)
 Metaspace       used 109534K, committed 110336K, reserved 1146880K
  class space    used 14843K, committed 15232K, reserved 1048576K
}
Event: 29.452 GC heap after
{Heap after GC invocations=52 (full 0):
 garbage-first heap   total 334848K, used 133946K [0x0000000080000000, 0x0000000100000000)
  region size 1024K, 16 young (16384K), 16 survivors (16384K)
 Metaspace       used 109534K, committed 110336K, reserved 1146880K
  class space    used 14843K, committed 15232K, reserved 1048576K
}
Event: 30.116 GC heap before
{Heap before GC invocations=52 (full 0):
 garbage-first heap   total 334848K, used 212794K [0x0000000080000000, 0x0000000100000000)
  region size 1024K, 58 young (59392K), 16 survivors (16384K)
 Metaspace       used 112633K, committed 113472K, reserved 1155072K
  class space    used 15280K, committed 15680K, reserved 1048576K
}
Event: 30.133 GC heap after
{Heap after GC invocations=53 (full 0):
 garbage-first heap   total 334848K, used 178280K [0x0000000080000000, 0x0000000100000000)
  region size 1024K, 19 young (19456K), 19 survivors (19456K)
 Metaspace       used 112633K, committed 113472K, reserved 1155072K
  class space    used 15280K, committed 15680K, reserved 1048576K
}
Event: 30.992 GC heap before
{Heap before GC invocations=54 (full 0):
 garbage-first heap   total 408576K, used 303208K [0x0000000080000000, 0x0000000100000000)
  region size 1024K, 100 young (102400K), 19 survivors (19456K)
 Metaspace       used 112942K, committed 113728K, reserved 1155072K
  class space    used 15327K, committed 15680K, reserved 1048576K
}
Event: 31.019 GC heap after
{Heap after GC invocations=55 (full 0):
 garbage-first heap   total 408576K, used 225782K [0x0000000080000000, 0x0000000100000000)
  region size 1024K, 13 young (13312K), 13 survivors (13312K)
 Metaspace       used 112942K, committed 113728K, reserved 1155072K
  class space    used 15327K, committed 15680K, reserved 1048576K
}
Event: 31.062 GC heap before
{Heap before GC invocations=55 (full 0):
 garbage-first heap   total 408576K, used 230902K [0x0000000080000000, 0x0000000100000000)
  region size 1024K, 19 young (19456K), 13 survivors (13312K)
 Metaspace       used 112942K, committed 113728K, reserved 1155072K
  class space    used 15327K, committed 15680K, reserved 1048576K
}
Event: 31.077 GC heap after
{Heap after GC invocations=56 (full 0):
 garbage-first heap   total 408576K, used 230044K [0x0000000080000000, 0x0000000100000000)
  region size 1024K, 3 young (3072K), 3 survivors (3072K)
 Metaspace       used 112942K, committed 113728K, reserved 1155072K
  class space    used 15327K, committed 15680K, reserved 1048576K
}
Event: 31.952 GC heap before
{Heap before GC invocations=56 (full 0):
 garbage-first heap   total 408576K, used 321180K [0x0000000080000000, 0x0000000100000000)
  region size 1024K, 88 young (90112K), 3 survivors (3072K)
 Metaspace       used 115557K, committed 116352K, reserved 1155072K
  class space    used 15850K, committed 16192K, reserved 1048576K
}
Event: 31.990 GC heap after
{Heap after GC invocations=57 (full 0):
 garbage-first heap   total 408576K, used 271700K [0x0000000080000000, 0x0000000100000000)
  region size 1024K, 11 young (11264K), 11 survivors (11264K)
 Metaspace       used 115557K, committed 116352K, reserved 1155072K
  class space    used 15850K, committed 16192K, reserved 1048576K
}
Event: 32.176 GC heap before
{Heap before GC invocations=57 (full 0):
 garbage-first heap   total 408576K, used 322900K [0x0000000080000000, 0x0000000100000000)
  region size 1024K, 61 young (62464K), 11 survivors (11264K)
 Metaspace       used 115589K, committed 116352K, reserved 1155072K
  class space    used 15850K, committed 16192K, reserved 1048576K
}

