# JRE version: OpenJDK Runtime Environment (17.0.6) (build 17.0.6+0-b2043.56-9586694)
# Java VM: OpenJDK 64-Bit Server VM (17.0.6+0-b2043.56-9586694, mixed mode, tiered, compressed oops, compressed class ptrs, g1 gc, windows-amd64)
GC Precious Log:
 CPUs: 8 total, 8 available
 Memory: 15931M
 Large Page Support: Disabled
 NUMA Support: Disabled
 Compressed Oops: Enabled (Zero based)
 Heap Region Size: 2M
 Heap Min Capacity: 8M
 Heap Initial Capacity: 250M
 Heap Max Capacity: 3984M
 Pre-touch: Disabled
 Parallel Workers: 8
 Concurrent Workers: 2
 Concurrent Refinement Workers: 8
 Periodic GC: Disabled
Heap:
 garbage-first heap   total 348160K, used 184276K [0x0000000707000000, 0x0000000800000000)
  region size 2048K, 1 young (2048K), 1 survivors (2048K)
 Metaspace       used 72358K, committed 72768K, reserved 1114112K
  class space    used 8018K, committed 8256K, reserved 1048576K
GC Heap History (20 events):
Event: 14.022 GC heap after
{Heap after GC invocations=26 (full 0):
 garbage-first heap   total 309248K, used 124928K [0x0000000707000000, 0x0000000800000000)
  region size 2048K, 8 young (16384K), 8 survivors (16384K)
 Metaspace       used 70153K, committed 70656K, reserved 1114112K
  class space    used 7944K, committed 8192K, reserved 1048576K
}
Event: 15.829 GC heap before
{Heap before GC invocations=26 (full 0):
 garbage-first heap   total 309248K, used 235520K [0x0000000707000000, 0x0000000800000000)
  region size 2048K, 62 young (126976K), 8 survivors (16384K)
 Metaspace       used 70667K, committed 71104K, reserved 1114112K
  class space    used 7951K, committed 8192K, reserved 1048576K
}
Event: 15.847 GC heap after
{Heap after GC invocations=27 (full 0):
 garbage-first heap   total 309248K, used 134758K [0x0000000707000000, 0x0000000800000000)
  region size 2048K, 5 young (10240K), 5 survivors (10240K)
 Metaspace       used 70667K, committed 71104K, reserved 1114112K
  class space    used 7951K, committed 8192K, reserved 1048576K
}
Event: 17.453 GC heap before
{Heap before GC invocations=27 (full 0):
 garbage-first heap   total 309248K, used 241254K [0x0000000707000000, 0x0000000800000000)
  region size 2048K, 57 young (116736K), 5 survivors (10240K)
 Metaspace       used 70964K, committed 71424K, reserved 1114112K
  class space    used 7954K, committed 8192K, reserved 1048576K
}
Event: 17.465 GC heap after
{Heap after GC invocations=28 (full 0):
 garbage-first heap   total 309248K, used 141585K [0x0000000707000000, 0x0000000800000000)
  region size 2048K, 8 young (16384K), 8 survivors (16384K)
 Metaspace       used 70964K, committed 71424K, reserved 1114112K
  class space    used 7954K, committed 8192K, reserved 1048576K
}
Event: 21.212 GC heap before
{Heap before GC invocations=28 (full 0):
 garbage-first heap   total 309248K, used 246033K [0x0000000707000000, 0x0000000800000000)
  region size 2048K, 59 young (120832K), 8 survivors (16384K)
 Metaspace       used 71190K, committed 71616K, reserved 1114112K
  class space    used 7957K, committed 8192K, reserved 1048576K
}
Event: 21.233 GC heap after
{Heap after GC invocations=29 (full 0):
 garbage-first heap   total 309248K, used 150329K [0x0000000707000000, 0x0000000800000000)
  region size 2048K, 8 young (16384K), 8 survivors (16384K)
 Metaspace       used 71190K, committed 71616K, reserved 1114112K
  class space    used 7957K, committed 8192K, reserved 1048576K
}
Event: 23.331 GC heap before
{Heap before GC invocations=29 (full 0):
 garbage-first heap   total 309248K, used 248633K [0x0000000707000000, 0x0000000800000000)
  region size 2048K, 56 young (114688K), 8 survivors (16384K)
 Metaspace       used 71527K, committed 72000K, reserved 1114112K
  class space    used 7959K, committed 8192K, reserved 1048576K
}
Event: 23.356 GC heap after
{Heap after GC invocations=30 (full 0):
 garbage-first heap   total 309248K, used 159064K [0x0000000707000000, 0x0000000800000000)
  region size 2048K, 4 young (8192K), 4 survivors (8192K)
 Metaspace       used 71527K, committed 72000K, reserved 1114112K
  class space    used 7959K, committed 8192K, reserved 1048576K
}
Event: 25.336 GC heap before
{Heap before GC invocations=30 (full 0):
 garbage-first heap   total 309248K, used 253272K [0x0000000707000000, 0x0000000800000000)
  region size 2048K, 50 young (102400K), 4 survivors (8192K)
 Metaspace       used 71711K, committed 72128K, reserved 1114112K
  class space    used 7960K, committed 8192K, reserved 1048576K
}
Event: 25.348 GC heap after
{Heap after GC invocations=31 (full 0):
 garbage-first heap   total 309248K, used 164960K [0x0000000707000000, 0x0000000800000000)
  region size 2048K, 7 young (14336K), 7 survivors (14336K)
 Metaspace       used 71711K, committed 72128K, reserved 1114112K
  class space    used 7960K, committed 8192K, reserved 1048576K
}
Event: 27.352 GC heap before
{Heap before GC invocations=32 (full 0):
 garbage-first heap   total 317440K, used 265312K [0x0000000707000000, 0x0000000800000000)
  region size 2048K, 51 young (104448K), 7 survivors (14336K)
 Metaspace       used 71790K, committed 72192K, reserved 1114112K
  class space    used 7965K, committed 8192K, reserved 1048576K
}
Event: 27.378 GC heap after
{Heap after GC invocations=33 (full 0):
 garbage-first heap   total 317440K, used 182369K [0x0000000707000000, 0x0000000800000000)
  region size 2048K, 7 young (14336K), 7 survivors (14336K)
 Metaspace       used 71790K, committed 72192K, reserved 1114112K
  class space    used 7965K, committed 8192K, reserved 1048576K
}
Event: 27.422 GC heap before
{Heap before GC invocations=33 (full 0):
 garbage-first heap   total 317440K, used 184417K [0x0000000707000000, 0x0000000800000000)
  region size 2048K, 8 young (16384K), 7 survivors (14336K)
 Metaspace       used 71790K, committed 72192K, reserved 1114112K
  class space    used 7965K, committed 8192K, reserved 1048576K
}
Event: 27.440 GC heap after
{Heap after GC invocations=34 (full 0):
 garbage-first heap   total 317440K, used 182317K [0x0000000707000000, 0x0000000800000000)
  region size 2048K, 1 young (2048K), 1 survivors (2048K)
 Metaspace       used 71790K, committed 72192K, reserved 1114112K
  class space    used 7965K, committed 8192K, reserved 1048576K
}
Event: 28.971 GC heap before
{Heap before GC invocations=34 (full 0):
 garbage-first heap   total 317440K, used 264237K [0x0000000707000000, 0x0000000800000000)
  region size 2048K, 41 young (83968K), 1 survivors (2048K)
 Metaspace       used 72101K, committed 72576K, reserved 1114112K
  class space    used 7993K, committed 8256K, reserved 1048576K
}
Event: 28.979 GC heap after
{Heap after GC invocations=35 (full 0):
 garbage-first heap   total 317440K, used 185070K [0x0000000707000000, 0x0000000800000000)
  region size 2048K, 3 young (6144K), 3 survivors (6144K)
 Metaspace       used 72101K, committed 72576K, reserved 1114112K
  class space    used 7993K, committed 8256K, reserved 1048576K
}
Event: 29.947 GC heap before
{Heap before GC invocations=36 (full 0):
 garbage-first heap   total 348160K, used 262894K [0x0000000707000000, 0x0000000800000000)
  region size 2048K, 42 young (86016K), 3 survivors (6144K)
 Metaspace       used 72350K, committed 72768K, reserved 1114112K
  class space    used 8017K, committed 8256K, reserved 1048576K
}
Event: 29.955 GC heap after
{Heap after GC invocations=37 (full 0):
 garbage-first heap   total 348160K, used 184345K [0x0000000707000000, 0x0000000800000000)
  region size 2048K, 3 young (6144K), 3 survivors (6144K)
 Metaspace       used 72350K, committed 72768K, reserved 1114112K
  class space    used 8017K, committed 8256K, reserved 1048576K
}
Event: 30.052 GC heap before
{Heap before GC invocations=37 (full 0):
 garbage-first heap   total 348160K, used 194585K [0x0000000707000000, 0x0000000800000000)
  region size 2048K, 8 young (16384K), 3 survivors (6144K)
 Metaspace       used 72358K, committed 72768K, reserved 1114112K
  class space    used 8018K, committed 8256K, reserved 1048576K
}

