# JRE version: OpenJDK Runtime Environment (17.0.6) (build 17.0.6+0-b2043.56-9586694)
# Java VM: OpenJDK 64-Bit Server VM (17.0.6+0-b2043.56-9586694, mixed mode, tiered, compressed oops, compressed class ptrs, g1 gc, windows-amd64)
GC Precious Log:
 CPUs: 8 total, 8 available
 Memory: 15931M
 Large Page Support: Disabled
 NUMA Support: Disabled
 Compressed Oops: Enabled (32-bit)
 Heap Region Size: 1M
 Heap Min Capacity: 8M
 Heap Initial Capacity: 250M
 Heap Max Capacity: 2G
 Pre-touch: Disabled
 Parallel Workers: 8
 Concurrent Workers: 2
 Concurrent Refinement Workers: 8
 Periodic GC: Disabled
Heap:
 garbage-first heap   total 464896K, used 285184K [0x0000000080000000, 0x0000000100000000)
  region size 1024K, 3 young (3072K), 3 survivors (3072K)
 Metaspace       used 124369K, committed 125184K, reserved 1163264K
  class space    used 16655K, committed 17024K, reserved 1048576K
GC Heap History (20 events):
Event: 49.802 GC heap after
{Heap after GC invocations=81 (full 0):
 garbage-first heap   total 405504K, used 238202K [0x0000000080000000, 0x0000000100000000)
  region size 1024K, 8 young (8192K), 8 survivors (8192K)
 Metaspace       used 121154K, committed 121920K, reserved 1155072K
  class space    used 16217K, committed 16512K, reserved 1048576K
}
Event: 50.262 GC heap before
{Heap before GC invocations=81 (full 0):
 garbage-first heap   total 405504K, used 355962K [0x0000000080000000, 0x0000000100000000)
  region size 1024K, 123 young (125952K), 8 survivors (8192K)
 Metaspace       used 121159K, committed 121920K, reserved 1155072K
  class space    used 16217K, committed 16512K, reserved 1048576K
}
Event: 50.270 GC heap after
{Heap after GC invocations=82 (full 0):
 garbage-first heap   total 405504K, used 238777K [0x0000000080000000, 0x0000000100000000)
  region size 1024K, 8 young (8192K), 8 survivors (8192K)
 Metaspace       used 121159K, committed 121920K, reserved 1155072K
  class space    used 16217K, committed 16512K, reserved 1048576K
}
Event: 51.235 GC heap before
{Heap before GC invocations=82 (full 0):
 garbage-first heap   total 405504K, used 356537K [0x0000000080000000, 0x0000000100000000)
  region size 1024K, 122 young (124928K), 8 survivors (8192K)
 Metaspace       used 122781K, committed 123520K, reserved 1163264K
  class space    used 16439K, committed 16768K, reserved 1048576K
}
Event: 51.246 GC heap after
{Heap after GC invocations=83 (full 0):
 garbage-first heap   total 405504K, used 244917K [0x0000000080000000, 0x0000000100000000)
  region size 1024K, 12 young (12288K), 12 survivors (12288K)
 Metaspace       used 122781K, committed 123520K, reserved 1163264K
  class space    used 16439K, committed 16768K, reserved 1048576K
}
Event: 52.558 GC heap before
{Heap before GC invocations=83 (full 0):
 garbage-first heap   total 405504K, used 349365K [0x0000000080000000, 0x0000000100000000)
  region size 1024K, 92 young (94208K), 12 survivors (12288K)
 Metaspace       used 123582K, committed 124352K, reserved 1163264K
  class space    used 16542K, committed 16896K, reserved 1048576K
}
Event: 52.568 GC heap after
{Heap after GC invocations=84 (full 0):
 garbage-first heap   total 405504K, used 262331K [0x0000000080000000, 0x0000000100000000)
  region size 1024K, 13 young (13312K), 13 survivors (13312K)
 Metaspace       used 123582K, committed 124352K, reserved 1163264K
  class space    used 16542K, committed 16896K, reserved 1048576K
}
Event: 52.638 GC heap before
{Heap before GC invocations=84 (full 0):
 garbage-first heap   total 405504K, used 323771K [0x0000000080000000, 0x0000000100000000)
  region size 1024K, 44 young (45056K), 13 survivors (13312K)
 Metaspace       used 123985K, committed 124736K, reserved 1163264K
  class space    used 16608K, committed 16960K, reserved 1048576K
}
Event: 52.645 GC heap after
{Heap after GC invocations=85 (full 0):
 garbage-first heap   total 405504K, used 287069K [0x0000000080000000, 0x0000000100000000)
  region size 1024K, 12 young (12288K), 12 survivors (12288K)
 Metaspace       used 123985K, committed 124736K, reserved 1163264K
  class space    used 16608K, committed 16960K, reserved 1048576K
}
Event: 52.649 GC heap before
{Heap before GC invocations=85 (full 0):
 garbage-first heap   total 405504K, used 301405K [0x0000000080000000, 0x0000000100000000)
  region size 1024K, 14 young (14336K), 12 survivors (12288K)
 Metaspace       used 123985K, committed 124736K, reserved 1163264K
  class space    used 16608K, committed 16960K, reserved 1048576K
}
Event: 52.651 GC heap after
{Heap after GC invocations=86 (full 0):
 garbage-first heap   total 405504K, used 295995K [0x0000000080000000, 0x0000000100000000)
  region size 1024K, 2 young (2048K), 2 survivors (2048K)
 Metaspace       used 123985K, committed 124736K, reserved 1163264K
  class space    used 16608K, committed 16960K, reserved 1048576K
}
Event: 53.124 GC heap before
{Heap before GC invocations=87 (full 0):
 garbage-first heap   total 445440K, used 291899K [0x0000000080000000, 0x0000000100000000)
  region size 1024K, 39 young (39936K), 2 survivors (2048K)
 Metaspace       used 124062K, committed 124800K, reserved 1163264K
  class space    used 16613K, committed 16960K, reserved 1048576K
}
Event: 53.141 GC heap after
{Heap after GC invocations=88 (full 0):
 garbage-first heap   total 445440K, used 262144K [0x0000000080000000, 0x0000000100000000)
  region size 1024K, 5 young (5120K), 5 survivors (5120K)
 Metaspace       used 124062K, committed 124800K, reserved 1163264K
  class space    used 16613K, committed 16960K, reserved 1048576K
}
Event: 53.258 GC heap before
{Heap before GC invocations=88 (full 0):
 garbage-first heap   total 445440K, used 278528K [0x0000000080000000, 0x0000000100000000)
  region size 1024K, 21 young (21504K), 5 survivors (5120K)
 Metaspace       used 124062K, committed 124800K, reserved 1163264K
  class space    used 16613K, committed 16960K, reserved 1048576K
}
Event: 53.274 GC heap after
{Heap after GC invocations=89 (full 0):
 garbage-first heap   total 445440K, used 234306K [0x0000000080000000, 0x0000000100000000)
  region size 1024K, 3 young (3072K), 3 survivors (3072K)
 Metaspace       used 124062K, committed 124800K, reserved 1163264K
  class space    used 16613K, committed 16960K, reserved 1048576K
}
Event: 53.410 GC heap before
{Heap before GC invocations=89 (full 0):
 garbage-first heap   total 445440K, used 253762K [0x0000000080000000, 0x0000000100000000)
  region size 1024K, 23 young (23552K), 3 survivors (3072K)
 Metaspace       used 124062K, committed 124800K, reserved 1163264K
  class space    used 16613K, committed 16960K, reserved 1048576K
}
Event: 53.424 GC heap after
{Heap after GC invocations=90 (full 0):
 garbage-first heap   total 445440K, used 241005K [0x0000000080000000, 0x0000000100000000)
  region size 1024K, 10 young (10240K), 10 survivors (10240K)
 Metaspace       used 124062K, committed 124800K, reserved 1163264K
  class space    used 16613K, committed 16960K, reserved 1048576K
}
Event: 53.871 GC heap before
{Heap before GC invocations=91 (full 0):
 garbage-first heap   total 464896K, used 329069K [0x0000000080000000, 0x0000000100000000)
  region size 1024K, 91 young (93184K), 10 survivors (10240K)
 Metaspace       used 124369K, committed 125184K, reserved 1163264K
  class space    used 16655K, committed 17024K, reserved 1048576K
}
Event: 53.917 GC heap after
{Heap after GC invocations=92 (full 0):
 garbage-first heap   total 464896K, used 284517K [0x0000000080000000, 0x0000000100000000)
  region size 1024K, 12 young (12288K), 12 survivors (12288K)
 Metaspace       used 124369K, committed 125184K, reserved 1163264K
  class space    used 16655K, committed 17024K, reserved 1048576K
}
Event: 53.945 GC heap before
{Heap before GC invocations=92 (full 0):
 garbage-first heap   total 464896K, used 294756K [0x0000000080000000, 0x0000000100000000)
  region size 1024K, 22 young (22528K), 12 survivors (12288K)
 Metaspace       used 124369K, committed 125184K, reserved 1163264K
  class space    used 16655K, committed 17024K, reserved 1048576K
}

