# JRE version: OpenJDK Runtime Environment (17.0.6) (build 17.0.6+0-b2043.56-9586694)
# Java VM: OpenJDK 64-Bit Server VM (17.0.6+0-b2043.56-9586694, mixed mode, tiered, compressed oops, compressed class ptrs, g1 gc, windows-amd64)
GC Precious Log:
 CPUs: 8 total, 8 available
 Memory: 15931M
 Large Page Support: Disabled
 NUMA Support: Disabled
 Compressed Oops: Enabled (32-bit)
 Heap Region Size: 1M
 Heap Min Capacity: 8M
 Heap Initial Capacity: 250M
 Heap Max Capacity: 2G
 Pre-touch: Disabled
 Parallel Workers: 8
 Concurrent Workers: 2
 Concurrent Refinement Workers: 8
 Periodic GC: Disabled
Heap:
 garbage-first heap   total 472064K, used 362718K [0x0000000080000000, 0x0000000100000000)
  region size 1024K, 102 young (104448K), 7 survivors (7168K)
 Metaspace       used 131475K, committed 132288K, reserved 1163264K
  class space    used 17443K, committed 17792K, reserved 1048576K
GC Heap History (20 events):
Event: 21.691 GC heap before
{Heap before GC invocations=51 (full 0):
 garbage-first heap   total 403456K, used 308497K [0x0000000080000000, 0x0000000100000000)
  region size 1024K, 144 young (147456K), 21 survivors (21504K)
 Metaspace       used 116310K, committed 117056K, reserved 1155072K
  class space    used 15467K, committed 15808K, reserved 1048576K
}
Event: 21.713 GC heap after
{Heap after GC invocations=52 (full 0):
 garbage-first heap   total 403456K, used 188513K [0x0000000080000000, 0x0000000100000000)
  region size 1024K, 12 young (12288K), 12 survivors (12288K)
 Metaspace       used 116310K, committed 117056K, reserved 1155072K
  class space    used 15467K, committed 15808K, reserved 1048576K
}
Event: 22.659 GC heap before
{Heap before GC invocations=52 (full 0):
 garbage-first heap   total 403456K, used 314465K [0x0000000080000000, 0x0000000100000000)
  region size 1024K, 136 young (139264K), 12 survivors (12288K)
 Metaspace       used 118953K, committed 119808K, reserved 1155072K
  class space    used 15876K, committed 16256K, reserved 1048576K
}
Event: 22.688 GC heap after
{Heap after GC invocations=53 (full 0):
 garbage-first heap   total 403456K, used 205578K [0x0000000080000000, 0x0000000100000000)
  region size 1024K, 17 young (17408K), 17 survivors (17408K)
 Metaspace       used 118953K, committed 119808K, reserved 1155072K
  class space    used 15876K, committed 16256K, reserved 1048576K
}
Event: 23.466 GC heap before
{Heap before GC invocations=53 (full 0):
 garbage-first heap   total 403456K, used 318218K [0x0000000080000000, 0x0000000100000000)
  region size 1024K, 127 young (130048K), 17 survivors (17408K)
 Metaspace       used 120748K, committed 121536K, reserved 1155072K
  class space    used 16089K, committed 16448K, reserved 1048576K
}
Event: 23.500 GC heap after
{Heap after GC invocations=54 (full 0):
 garbage-first heap   total 403456K, used 227328K [0x0000000080000000, 0x0000000100000000)
  region size 1024K, 16 young (16384K), 16 survivors (16384K)
 Metaspace       used 120748K, committed 121536K, reserved 1155072K
  class space    used 16089K, committed 16448K, reserved 1048576K
}
Event: 23.955 GC heap before
{Heap before GC invocations=54 (full 0):
 garbage-first heap   total 403456K, used 320512K [0x0000000080000000, 0x0000000100000000)
  region size 1024K, 107 young (109568K), 16 survivors (16384K)
 Metaspace       used 120755K, committed 121536K, reserved 1155072K
  class space    used 16091K, committed 16448K, reserved 1048576K
}
Event: 23.980 GC heap after
{Heap after GC invocations=55 (full 0):
 garbage-first heap   total 403456K, used 244649K [0x0000000080000000, 0x0000000100000000)
  region size 1024K, 14 young (14336K), 14 survivors (14336K)
 Metaspace       used 120755K, committed 121536K, reserved 1155072K
  class space    used 16091K, committed 16448K, reserved 1048576K
}
Event: 25.626 GC heap before
{Heap before GC invocations=55 (full 0):
 garbage-first heap   total 403456K, used 325545K [0x0000000080000000, 0x0000000100000000)
  region size 1024K, 93 young (95232K), 14 survivors (14336K)
 Metaspace       used 125406K, committed 126208K, reserved 1163264K
  class space    used 16788K, committed 17152K, reserved 1048576K
}
Event: 25.645 GC heap after
{Heap after GC invocations=56 (full 0):
 garbage-first heap   total 472064K, used 254562K [0x0000000080000000, 0x0000000100000000)
  region size 1024K, 8 young (8192K), 8 survivors (8192K)
 Metaspace       used 125406K, committed 126208K, reserved 1163264K
  class space    used 16788K, committed 17152K, reserved 1048576K
}
Event: 26.799 GC heap before
{Heap before GC invocations=56 (full 0):
 garbage-first heap   total 472064K, used 375394K [0x0000000080000000, 0x0000000100000000)
  region size 1024K, 126 young (129024K), 8 survivors (8192K)
 Metaspace       used 126838K, committed 127680K, reserved 1163264K
  class space    used 16890K, committed 17280K, reserved 1048576K
}
Event: 26.807 GC heap after
{Heap after GC invocations=57 (full 0):
 garbage-first heap   total 472064K, used 255271K [0x0000000080000000, 0x0000000100000000)
  region size 1024K, 9 young (9216K), 9 survivors (9216K)
 Metaspace       used 126838K, committed 127680K, reserved 1163264K
  class space    used 16890K, committed 17280K, reserved 1048576K
}
Event: 27.239 GC heap before
{Heap before GC invocations=57 (full 0):
 garbage-first heap   total 472064K, used 381223K [0x0000000080000000, 0x0000000100000000)
  region size 1024K, 133 young (136192K), 9 survivors (9216K)
 Metaspace       used 127372K, committed 128128K, reserved 1163264K
  class space    used 16935K, committed 17280K, reserved 1048576K
}
Event: 27.252 GC heap after
{Heap after GC invocations=58 (full 0):
 garbage-first heap   total 472064K, used 264192K [0x0000000080000000, 0x0000000100000000)
  region size 1024K, 17 young (17408K), 17 survivors (17408K)
 Metaspace       used 127372K, committed 128128K, reserved 1163264K
  class space    used 16935K, committed 17280K, reserved 1048576K
}
Event: 27.855 GC heap before
{Heap before GC invocations=58 (full 0):
 garbage-first heap   total 472064K, used 386048K [0x0000000080000000, 0x0000000100000000)
  region size 1024K, 137 young (140288K), 17 survivors (17408K)
 Metaspace       used 128192K, committed 129024K, reserved 1163264K
  class space    used 17030K, committed 17408K, reserved 1048576K
}
Event: 27.869 GC heap after
{Heap after GC invocations=59 (full 0):
 garbage-first heap   total 472064K, used 263285K [0x0000000080000000, 0x0000000100000000)
  region size 1024K, 4 young (4096K), 4 survivors (4096K)
 Metaspace       used 128192K, committed 129024K, reserved 1163264K
  class space    used 17030K, committed 17408K, reserved 1048576K
}
Event: 28.610 GC heap before
{Heap before GC invocations=59 (full 0):
 garbage-first heap   total 472064K, used 391285K [0x0000000080000000, 0x0000000100000000)
  region size 1024K, 129 young (132096K), 4 survivors (4096K)
 Metaspace       used 130290K, committed 131072K, reserved 1163264K
  class space    used 17274K, committed 17664K, reserved 1048576K
}
Event: 28.617 GC heap after
{Heap after GC invocations=60 (full 0):
 garbage-first heap   total 472064K, used 265424K [0x0000000080000000, 0x0000000100000000)
  region size 1024K, 6 young (6144K), 6 survivors (6144K)
 Metaspace       used 130290K, committed 131072K, reserved 1163264K
  class space    used 17274K, committed 17664K, reserved 1048576K
}
Event: 29.346 GC heap before
{Heap before GC invocations=60 (full 0):
 garbage-first heap   total 472064K, used 396496K [0x0000000080000000, 0x0000000100000000)
  region size 1024K, 134 young (137216K), 6 survivors (6144K)
 Metaspace       used 131430K, committed 132224K, reserved 1163264K
  class space    used 17438K, committed 17792K, reserved 1048576K
}
Event: 29.353 GC heap after
{Heap after GC invocations=61 (full 0):
 garbage-first heap   total 472064K, used 266462K [0x0000000080000000, 0x0000000100000000)
  region size 1024K, 7 young (7168K), 7 survivors (7168K)
 Metaspace       used 131430K, committed 132224K, reserved 1163264K
  class space    used 17438K, committed 17792K, reserved 1048576K
}

