# JRE version: OpenJDK Runtime Environment (17.0.6) (build 17.0.6+0-b2043.56-9586694)
# Java VM: OpenJDK 64-Bit Server VM (17.0.6+0-b2043.56-9586694, mixed mode, tiered, compressed oops, compressed class ptrs, g1 gc, windows-amd64)
GC Precious Log:
 CPUs: 8 total, 8 available
 Memory: 15931M
 Large Page Support: Disabled
 NUMA Support: Disabled
 Compressed Oops: Enabled (32-bit)
 Heap Region Size: 1M
 Heap Min Capacity: 8M
 Heap Initial Capacity: 250M
 Heap Max Capacity: 2G
 Pre-touch: Disabled
 Parallel Workers: 8
 Concurrent Workers: 2
 Concurrent Refinement Workers: 8
 Periodic GC: Disabled
Heap:
 garbage-first heap   total 97280K, used 59834K [0x0000000080000000, 0x0000000100000000)
  region size 1024K, 6 young (6144K), 2 survivors (2048K)
 Metaspace       used 60612K, committed 61184K, reserved 1105920K
  class space    used 7992K, committed 8256K, reserved 1048576K
GC Heap History (20 events):
Event: 3.975 GC heap before
{Heap before GC invocations=11 (full 0):
 garbage-first heap   total 68608K, used 51762K [0x0000000080000000, 0x0000000100000000)
  region size 1024K, 25 young (25600K), 4 survivors (4096K)
 Metaspace       used 44457K, committed 44864K, reserved 1089536K
  class space    used 5882K, committed 6080K, reserved 1048576K
}
Event: 3.978 GC heap after
{Heap after GC invocations=12 (full 0):
 garbage-first heap   total 82944K, used 31910K [0x0000000080000000, 0x0000000100000000)
  region size 1024K, 2 young (2048K), 2 survivors (2048K)
 Metaspace       used 44457K, committed 44864K, reserved 1089536K
  class space    used 5882K, committed 6080K, reserved 1048576K
}
Event: 4.909 GC heap before
{Heap before GC invocations=12 (full 0):
 garbage-first heap   total 82944K, used 63654K [0x0000000080000000, 0x0000000100000000)
  region size 1024K, 32 young (32768K), 2 survivors (2048K)
 Metaspace       used 48888K, committed 49344K, reserved 1097728K
  class space    used 6449K, committed 6656K, reserved 1048576K
}
Event: 4.913 GC heap after
{Heap after GC invocations=13 (full 0):
 garbage-first heap   total 82944K, used 33474K [0x0000000080000000, 0x0000000100000000)
  region size 1024K, 4 young (4096K), 4 survivors (4096K)
 Metaspace       used 48888K, committed 49344K, reserved 1097728K
  class space    used 6449K, committed 6656K, reserved 1048576K
}
Event: 6.190 GC heap before
{Heap before GC invocations=13 (full 0):
 garbage-first heap   total 82944K, used 63170K [0x0000000080000000, 0x0000000100000000)
  region size 1024K, 33 young (33792K), 4 survivors (4096K)
 Metaspace       used 51302K, committed 51712K, reserved 1097728K
  class space    used 6785K, committed 6976K, reserved 1048576K
}
Event: 6.196 GC heap after
{Heap after GC invocations=14 (full 0):
 garbage-first heap   total 82944K, used 35912K [0x0000000080000000, 0x0000000100000000)
  region size 1024K, 5 young (5120K), 5 survivors (5120K)
 Metaspace       used 51302K, committed 51712K, reserved 1097728K
  class space    used 6785K, committed 6976K, reserved 1048576K
}
Event: 15.052 GC heap before
{Heap before GC invocations=14 (full 0):
 garbage-first heap   total 82944K, used 64584K [0x0000000080000000, 0x0000000100000000)
  region size 1024K, 31 young (31744K), 5 survivors (5120K)
 Metaspace       used 51795K, committed 52224K, reserved 1097728K
  class space    used 6826K, committed 7040K, reserved 1048576K
}
Event: 15.057 GC heap after
{Heap after GC invocations=15 (full 0):
 garbage-first heap   total 82944K, used 45968K [0x0000000080000000, 0x0000000100000000)
  region size 1024K, 4 young (4096K), 4 survivors (4096K)
 Metaspace       used 51795K, committed 52224K, reserved 1097728K
  class space    used 6826K, committed 7040K, reserved 1048576K
}
Event: 15.215 GC heap before
{Heap before GC invocations=16 (full 0):
 garbage-first heap   total 87040K, used 51088K [0x0000000080000000, 0x0000000100000000)
  region size 1024K, 6 young (6144K), 4 survivors (4096K)
 Metaspace       used 51795K, committed 52224K, reserved 1097728K
  class space    used 6826K, committed 7040K, reserved 1048576K
}
Event: 15.217 GC heap after
{Heap after GC invocations=17 (full 0):
 garbage-first heap   total 87040K, used 51830K [0x0000000080000000, 0x0000000100000000)
  region size 1024K, 2 young (2048K), 2 survivors (2048K)
 Metaspace       used 51795K, committed 52224K, reserved 1097728K
  class space    used 6826K, committed 7040K, reserved 1048576K
}
Event: 19.581 GC heap before
{Heap before GC invocations=18 (full 0):
 garbage-first heap   total 92160K, used 62070K [0x0000000080000000, 0x0000000100000000)
  region size 1024K, 11 young (11264K), 2 survivors (2048K)
 Metaspace       used 52155K, committed 52608K, reserved 1097728K
  class space    used 6895K, committed 7104K, reserved 1048576K
}
Event: 19.585 GC heap after
{Heap after GC invocations=19 (full 0):
 garbage-first heap   total 92160K, used 54334K [0x0000000080000000, 0x0000000100000000)
  region size 1024K, 2 young (2048K), 2 survivors (2048K)
 Metaspace       used 52155K, committed 52608K, reserved 1097728K
  class space    used 6895K, committed 7104K, reserved 1048576K
}
Event: 21.833 GC heap before
{Heap before GC invocations=19 (full 0):
 garbage-first heap   total 92160K, used 64574K [0x0000000080000000, 0x0000000100000000)
  region size 1024K, 13 young (13312K), 2 survivors (2048K)
 Metaspace       used 53556K, committed 54016K, reserved 1097728K
  class space    used 7081K, committed 7296K, reserved 1048576K
}
Event: 21.834 GC heap after
{Heap after GC invocations=20 (full 0):
 garbage-first heap   total 92160K, used 55122K [0x0000000080000000, 0x0000000100000000)
  region size 1024K, 1 young (1024K), 1 survivors (1024K)
 Metaspace       used 53556K, committed 54016K, reserved 1097728K
  class space    used 7081K, committed 7296K, reserved 1048576K
}
Event: 23.825 GC heap before
{Heap before GC invocations=21 (full 0):
 garbage-first heap   total 96256K, used 67410K [0x0000000080000000, 0x0000000100000000)
  region size 1024K, 13 young (13312K), 1 survivors (1024K)
 Metaspace       used 55203K, committed 55680K, reserved 1097728K
  class space    used 7326K, committed 7552K, reserved 1048576K
}
Event: 23.826 GC heap after
{Heap after GC invocations=22 (full 0):
 garbage-first heap   total 96256K, used 55521K [0x0000000080000000, 0x0000000100000000)
  region size 1024K, 2 young (2048K), 2 survivors (2048K)
 Metaspace       used 55203K, committed 55680K, reserved 1097728K
  class space    used 7326K, committed 7552K, reserved 1048576K
}
Event: 24.187 GC heap before
{Heap before GC invocations=22 (full 0):
 garbage-first heap   total 96256K, used 69857K [0x0000000080000000, 0x0000000100000000)
  region size 1024K, 16 young (16384K), 2 survivors (2048K)
 Metaspace       used 57682K, committed 58176K, reserved 1105920K
  class space    used 7621K, committed 7808K, reserved 1048576K
}
Event: 24.194 GC heap after
{Heap after GC invocations=23 (full 0):
 garbage-first heap   total 96256K, used 56079K [0x0000000080000000, 0x0000000100000000)
  region size 1024K, 1 young (1024K), 1 survivors (1024K)
 Metaspace       used 57682K, committed 58176K, reserved 1105920K
  class space    used 7621K, committed 7808K, reserved 1048576K
}
Event: 24.705 GC heap before
{Heap before GC invocations=24 (full 0):
 garbage-first heap   total 97280K, used 71439K [0x0000000080000000, 0x0000000100000000)
  region size 1024K, 17 young (17408K), 1 survivors (1024K)
 Metaspace       used 60305K, committed 60864K, reserved 1105920K
  class space    used 7935K, committed 8192K, reserved 1048576K
}
Event: 24.708 GC heap after
{Heap after GC invocations=25 (full 0):
 garbage-first heap   total 97280K, used 56762K [0x0000000080000000, 0x0000000100000000)
  region size 1024K, 2 young (2048K), 2 survivors (2048K)
 Metaspace       used 60305K, committed 60864K, reserved 1105920K
  class space    used 7935K, committed 8192K, reserved 1048576K
}

